<?xml version="1.0" encoding="UTF-8"?>
<!-- Generated by org.testng.reporters.JUnitReportReporter -->
<testsuite hostname="Abc-VAIO" failures="0" tests="2" name="Academy.HomePage" time="33.802" errors="0" timestamp="23 Jan 2019 11:32:51 GMT" skipped="0">
  <testcase classname="Academy.HomePage" name="basePageNavigation" time="9.720"/>
  <testcase classname="Academy.HomePage" name="basePageNavigation" time="24.082"/>
</testsuite> <!-- Academy.HomePage -->
