<?xml version="1.0" encoding="UTF-8"?>
<!-- Generated by org.testng.reporters.JUnitReportReporter -->
<testsuite hostname="Abc-VAIO" failures="0" tests="1" name="Academy.validateTitle" time="0.070" errors="0" timestamp="16 Dec 2018 10:16:02 GMT" skipped="0">
  <testcase classname="Academy.validateTitle" name="validateAppTitle" time="0.070"/>
</testsuite> <!-- Academy.validateTitle -->
