<?xml version="1.0" encoding="UTF-8"?>
<!-- Generated by org.testng.reporters.JUnitReportReporter -->
<testsuite hostname="Abc-VAIO" failures="0" tests="1" name="Academy.validateNavigationBar" time="0.079" errors="0" timestamp="16 Dec 2018 10:16:02 GMT" skipped="0">
  <testcase classname="Academy.validateNavigationBar" name="validateAppNavBar" time="0.079"/>
</testsuite> <!-- Academy.validateNavigationBar -->
